#
# There is insufficient memory for the Java Runtime Environment to continue.
# Native memory allocation (malloc) failed to allocate 1311216 bytes for Chunk::new
# Possible reasons:
#   The system is out of physical RAM or swap space
#   The process is running with CompressedOops enabled, and the Java Heap may be blocking the growth of the native heap
# Possible solutions:
#   Reduce memory load on the system
#   Increase physical memory or swap space
#   Check if swap backing store is full
#   Decrease Java heap size (-Xmx/-Xms)
#   Decrease number of Java threads
#   Decrease Java thread stack sizes (-Xss)
#   Set larger code cache with -XX:ReservedCodeCacheSize=
#   JVM is running with Unscaled Compressed Oops mode in which the Java heap is
#     placed in the first 4GB address space. The Java Heap base address is the
#     maximum limit for the native heap growth. Please use -XX:HeapBaseMinAddress
#     to set the Java Heap base and to place the Java Heap above 4GB virtual address.
# This output file may be truncated or incomplete.
#
#  Out of Memory Error (allocation.cpp:389), pid=13172, tid=0x0000000000004e44
#
# JRE version: OpenJDK Runtime Environment (8.0_242-b01) (build 1.8.0_242-release-1644-b01)
# Java VM: OpenJDK 64-Bit Server VM (25.242-b01 mixed mode windows-amd64 compressed oops)
# Failed to write core dump. Minidumps are not enabled by default on client versions of Windows
#

---------------  T H R E A D  ---------------

Current thread (0x0000000017813000):  JavaThread "C2 CompilerThread0" daemon [_thread_in_native, id=20036, stack(0x0000000018e70000,0x0000000018f70000)]

Stack: [0x0000000018e70000,0x0000000018f70000]
[error occurred during error reporting (printing stack bounds), id 0xc0000005]

Native frames: (J=compiled Java code, j=interpreted, Vv=VM code, C=native code)


Current CompileTask:
C2:   5466 1596   !   4       java.net.URLClassLoader$1::run (63 bytes)


---------------  P R O C E S S  ---------------

Java Threads: ( => current thread )
  0x000000001b30d000 JavaThread "Cache worker for file hash cache (C:\Users\bruno\.gradle\caches\6.5\fileHashes)" [_thread_blocked, id=17024, stack(0x000000001d790000,0x000000001d890000)]
  0x000000001b309000 JavaThread "File lock request listener" [_thread_in_native, id=19720, stack(0x000000001d690000,0x000000001d790000)]
  0x000000001b30c000 JavaThread "Cache worker for journal cache (C:\Users\bruno\.gradle\caches\journal-1)" [_thread_blocked, id=616, stack(0x000000001d590000,0x000000001d690000)]
  0x000000001b340000 JavaThread "Thread-9" [_thread_blocked, id=19136, stack(0x000000001d290000,0x000000001d390000)]
  0x000000001998c000 JavaThread "Stdin handler" [_thread_blocked, id=20120, stack(0x000000001d190000,0x000000001d290000)]
  0x000000001b253800 JavaThread "Asynchronous log dispatcher for DefaultDaemonConnection: socket connection from /127.0.0.1:63016 to /127.0.0.1:63017" [_thread_blocked, id=10400, stack(0x000000001d090000,0x000000001d190000)]
  0x000000001b252800 JavaThread "Daemon worker" [_thread_in_Java, id=12848, stack(0x000000001cf90000,0x000000001d090000)]
  0x000000001b1b3000 JavaThread "Cancel handler" [_thread_blocked, id=5312, stack(0x000000001ce90000,0x000000001cf90000)]
  0x000000001b1a1000 JavaThread "Handler for socket connection from /127.0.0.1:63016 to /127.0.0.1:63017" [_thread_in_native, id=19824, stack(0x000000001cd90000,0x000000001ce90000)]
  0x000000001b19e000 JavaThread "Daemon periodic checks" [_thread_blocked, id=18900, stack(0x000000001cc90000,0x000000001cd90000)]
  0x000000001b308800 JavaThread "Daemon" [_thread_blocked, id=11352, stack(0x000000001c990000,0x000000001ca90000)]
  0x000000001b1b8800 JavaThread "Incoming local TCP Connector on port 63016" [_thread_in_native, id=2924, stack(0x000000001c750000,0x000000001c850000)]
  0x000000001b0ca000 JavaThread "Daemon health stats" [_thread_blocked, id=9180, stack(0x000000001c110000,0x000000001c210000)]
  0x00000000191a8800 JavaThread "Service Thread" daemon [_thread_blocked, id=20288, stack(0x0000000019570000,0x0000000019670000)]
  0x000000001782b000 JavaThread "C1 CompilerThread2" daemon [_thread_in_native, id=13848, stack(0x0000000019070000,0x0000000019170000)]
  0x000000001781a000 JavaThread "C2 CompilerThread1" daemon [_thread_in_native, id=14228, stack(0x0000000018f70000,0x0000000019070000)]
=>0x0000000017813000 JavaThread "C2 CompilerThread0" daemon [_thread_in_native, id=20036, stack(0x0000000018e70000,0x0000000018f70000)]
  0x0000000017810800 JavaThread "Attach Listener" daemon [_thread_blocked, id=20132, stack(0x0000000018d70000,0x0000000018e70000)]
  0x0000000017815000 JavaThread "Signal Dispatcher" daemon [_thread_blocked, id=13352, stack(0x0000000018c70000,0x0000000018d70000)]
  0x0000000002beb000 JavaThread "Finalizer" daemon [_thread_blocked, id=20056, stack(0x0000000018a70000,0x0000000018b70000)]
  0x00000000177f9000 JavaThread "Reference Handler" daemon [_thread_blocked, id=11944, stack(0x0000000018970000,0x0000000018a70000)]
  0x00000000011bd800 JavaThread "main" [_thread_blocked, id=20424, stack(0x00000000029f0000,0x0000000002af0000)]

Other Threads:
  0x00000000177d6000 VMThread [stack: 0x0000000018870000,0x0000000018970000] [id=10604]
  0x000000001786c800 WatcherThread [stack: 0x0000000019670000,0x0000000019770000] [id=16248]

VM state:not at safepoint (normal execution)

VM Mutex/Monitor currently owned by a thread: None

heap address: 0x0000000080000000, size: 2048 MB, Compressed Oops mode: 32-bit
Narrow klass base: 0x0000000000000000, Narrow klass shift: 3
Compressed class space size: 1073741824 Address: 0x0000000100000000

Heap:
 PSYoungGen      total 38400K, used 35852K [0x00000000d5580000, 0x00000000d8000000, 0x0000000100000000)
  eden space 33280K, 92% used [0x00000000d5580000,0x00000000d7383400,0x00000000d7600000)
  from space 5120K, 99% used [0x00000000d7b00000,0x00000000d7fffc50,0x00000000d8000000)
  to   space 5120K, 0% used [0x00000000d7600000,0x00000000d7600000,0x00000000d7b00000)
 ParOldGen       total 87552K, used 3672K [0x0000000080000000, 0x0000000085580000, 0x00000000d5580000)
  object space 87552K, 4% used [0x0000000080000000,0x0000000080396188,0x0000000085580000)
 Metaspace       used 17546K, capacity 18178K, committed 18560K, reserved 1064960K
  class space    used 2395K, capacity 2575K, committed 2688K, reserved 1048576K

Card table byte_map: [0x0000000011fb0000,0x00000000123c0000] byte_map_base: 0x0000000011bb0000

Marking Bits: (ParMarkBitMap*) 0x0000000076b3f030
 Begin Bits: [0x0000000012a70000, 0x0000000014a70000)
 End Bits:   [0x0000000014a70000, 0x0000000016a70000)

Polling page: 0x00000000011d0000

CodeCache: size=245760Kb used=5813Kb max_used=5813Kb free=239946Kb
 bounds [0x0000000002bf0000, 0x00000000031a0000, 0x0000000011bf0000]
 total_blobs=2068 nmethods=1666 adapters=315
 compilation: enabled

Compilation events (10 events):
Event: 5.461 Thread 0x000000001782b000 nmethod 1649 0x0000000003195890 code [0x00000000031959e0, 0x0000000003195c10]
Event: 5.461 Thread 0x000000001782b000 1650       3       java.util.LinkedList::peek (18 bytes)
Event: 5.461 Thread 0x000000001782b000 nmethod 1650 0x0000000003195cd0 code [0x0000000003195e40, 0x0000000003196010]
Event: 5.461 Thread 0x000000001782b000 1652       3       com.google.common.io.LineReader::readLine (105 bytes)
Event: 5.462 Thread 0x000000001782b000 nmethod 1652 0x00000000031960d0 code [0x00000000031962e0, 0x0000000003196df8]
Event: 5.462 Thread 0x000000001782b000 1651       3       com.google.common.io.LineBuffer::finishLine (63 bytes)
Event: 5.463 Thread 0x000000001782b000 nmethod 1651 0x0000000003197190 code [0x0000000003197340, 0x0000000003197a38]
Event: 5.463 Thread 0x000000001782b000 1656       3       com.google.common.base.CharMatcher::indexIn (48 bytes)
Event: 5.463 Thread 0x000000001782b000 nmethod 1656 0x0000000003197cd0 code [0x0000000003197ea0, 0x00000000031985a8]
Event: 5.463 Thread 0x000000001782b000 1653       3       java.lang.String::subSequence (7 bytes)

GC Heap History (8 events):
Event: 2.360 GC heap before
{Heap before GC invocations=1 (full 0):
 PSYoungGen      total 38400K, used 33280K [0x00000000d5580000, 0x00000000d8000000, 0x0000000100000000)
  eden space 33280K, 100% used [0x00000000d5580000,0x00000000d7600000,0x00000000d7600000)
  from space 5120K, 0% used [0x00000000d7b00000,0x00000000d7b00000,0x00000000d8000000)
  to   space 5120K, 0% used [0x00000000d7600000,0x00000000d7600000,0x00000000d7b00000)
 ParOldGen       total 87552K, used 0K [0x0000000080000000, 0x0000000085580000, 0x00000000d5580000)
  object space 87552K, 0% used [0x0000000080000000,0x0000000080000000,0x0000000085580000)
 Metaspace       used 7230K, capacity 7450K, committed 7680K, reserved 1056768K
  class space    used 890K, capacity 973K, committed 1024K, reserved 1048576K
Event: 2.369 GC heap after
Heap after GC invocations=1 (full 0):
 PSYoungGen      total 38400K, used 4413K [0x00000000d5580000, 0x00000000d8000000, 0x0000000100000000)
  eden space 33280K, 0% used [0x00000000d5580000,0x00000000d5580000,0x00000000d7600000)
  from space 5120K, 86% used [0x00000000d7600000,0x00000000d7a4f478,0x00000000d7b00000)
  to   space 5120K, 0% used [0x00000000d7b00000,0x00000000d7b00000,0x00000000d8000000)
 ParOldGen       total 87552K, used 8K [0x0000000080000000, 0x0000000085580000, 0x00000000d5580000)
  object space 87552K, 0% used [0x0000000080000000,0x0000000080002000,0x0000000085580000)
 Metaspace       used 7230K, capacity 7450K, committed 7680K, reserved 1056768K
  class space    used 890K, capacity 973K, committed 1024K, reserved 1048576K
}
Event: 2.918 GC heap before
{Heap before GC invocations=2 (full 0):
 PSYoungGen      total 38400K, used 37693K [0x00000000d5580000, 0x00000000d8000000, 0x0000000100000000)
  eden space 33280K, 100% used [0x00000000d5580000,0x00000000d7600000,0x00000000d7600000)
  from space 5120K, 86% used [0x00000000d7600000,0x00000000d7a4f478,0x00000000d7b00000)
  to   space 5120K, 0% used [0x00000000d7b00000,0x00000000d7b00000,0x00000000d8000000)
 ParOldGen       total 87552K, used 8K [0x0000000080000000, 0x0000000085580000, 0x00000000d5580000)
  object space 87552K, 0% used [0x0000000080000000,0x0000000080002000,0x0000000085580000)
 Metaspace       used 7467K, capacity 7762K, committed 7936K, reserved 1056768K
  class space    used 916K, capacity 1013K, committed 1024K, reserved 1048576K
Event: 2.924 GC heap after
Heap after GC invocations=2 (full 0):
 PSYoungGen      total 38400K, used 3261K [0x00000000d5580000, 0x00000000d8000000, 0x0000000100000000)
  eden space 33280K, 0% used [0x00000000d5580000,0x00000000d5580000,0x00000000d7600000)
  from space 5120K, 63% used [0x00000000d7b00000,0x00000000d7e2f7d0,0x00000000d8000000)
  to   space 5120K, 0% used [0x00000000d7600000,0x00000000d7600000,0x00000000d7b00000)
 ParOldGen       total 87552K, used 16K [0x0000000080000000, 0x0000000085580000, 0x00000000d5580000)
  object space 87552K, 0% used [0x0000000080000000,0x0000000080004000,0x0000000085580000)
 Metaspace       used 7467K, capacity 7762K, committed 7936K, reserved 1056768K
  class space    used 916K, capacity 1013K, committed 1024K, reserved 1048576K
}
Event: 4.589 GC heap before
{Heap before GC invocations=3 (full 0):
 PSYoungGen      total 38400K, used 36541K [0x00000000d5580000, 0x00000000d8000000, 0x0000000100000000)
  eden space 33280K, 100% used [0x00000000d5580000,0x00000000d7600000,0x00000000d7600000)
  from space 5120K, 63% used [0x00000000d7b00000,0x00000000d7e2f7d0,0x00000000d8000000)
  to   space 5120K, 0% used [0x00000000d7600000,0x00000000d7600000,0x00000000d7b00000)
 ParOldGen       total 87552K, used 16K [0x0000000080000000, 0x0000000085580000, 0x00000000d5580000)
  object space 87552K, 0% used [0x0000000080000000,0x0000000080004000,0x0000000085580000)
 Metaspace       used 12052K, capacity 12430K, committed 12544K, reserved 1060864K
  class space    used 1599K, capacity 1735K, committed 1792K, reserved 1048576K
Event: 4.597 GC heap after
Heap after GC invocations=3 (full 0):
 PSYoungGen      total 38400K, used 5104K [0x00000000d5580000, 0x00000000d8000000, 0x0000000100000000)
  eden space 33280K, 0% used [0x00000000d5580000,0x00000000d5580000,0x00000000d7600000)
  from space 5120K, 99% used [0x00000000d7600000,0x00000000d7afc010,0x00000000d7b00000)
  to   space 5120K, 0% used [0x00000000d7b00000,0x00000000d7b00000,0x00000000d8000000)
 ParOldGen       total 87552K, used 1001K [0x0000000080000000, 0x0000000085580000, 0x00000000d5580000)
  object space 87552K, 1% used [0x0000000080000000,0x00000000800fa740,0x0000000085580000)
 Metaspace       used 12052K, capacity 12430K, committed 12544K, reserved 1060864K
  class space    used 1599K, capacity 1735K, committed 1792K, reserved 1048576K
}
Event: 5.000 GC heap before
{Heap before GC invocations=4 (full 0):
 PSYoungGen      total 38400K, used 38337K [0x00000000d5580000, 0x00000000d8000000, 0x0000000100000000)
  eden space 33280K, 99% used [0x00000000d5580000,0x00000000d75f47e0,0x00000000d7600000)
  from space 5120K, 99% used [0x00000000d7600000,0x00000000d7afc010,0x00000000d7b00000)
  to   space 5120K, 0% used [0x00000000d7b00000,0x00000000d7b00000,0x00000000d8000000)
 ParOldGen       total 87552K, used 1001K [0x0000000080000000, 0x0000000085580000, 0x00000000d5580000)
  object space 87552K, 1% used [0x0000000080000000,0x00000000800fa740,0x0000000085580000)
 Metaspace       used 14723K, capacity 15290K, committed 15488K, reserved 1062912K
  class space    used 2005K, capacity 2165K, committed 2176K, reserved 1048576K
Event: 5.012 GC heap after
Heap after GC invocations=4 (full 0):
 PSYoungGen      total 38400K, used 5119K [0x00000000d5580000, 0x00000000d8000000, 0x0000000100000000)
  eden space 33280K, 0% used [0x00000000d5580000,0x00000000d5580000,0x00000000d7600000)
  from space 5120K, 99% used [0x00000000d7b00000,0x00000000d7fffc50,0x00000000d8000000)
  to   space 5120K, 0% used [0x00000000d7600000,0x00000000d7600000,0x00000000d7b00000)
 ParOldGen       total 87552K, used 3672K [0x0000000080000000, 0x0000000085580000, 0x00000000d5580000)
  object space 87552K, 4% used [0x0000000080000000,0x0000000080396188,0x0000000085580000)
 Metaspace       used 14723K, capacity 15290K, committed 15488K, reserved 1062912K
  class space    used 2005K, capacity 2165K, committed 2176K, reserved 1048576K
}

Deoptimization events (10 events):
Event: 4.881 Thread 0x000000001b252800 Uncommon trap: reason=class_check action=maybe_recompile pc=0x0000000002f37ed8 method=java.util.regex.Matcher.match(II)Z @ 86
Event: 4.881 Thread 0x000000001b252800 Uncommon trap: reason=class_check action=maybe_recompile pc=0x0000000002f37ed8 method=java.util.regex.Matcher.match(II)Z @ 86
Event: 4.882 Thread 0x000000001b252800 Uncommon trap: reason=class_check action=maybe_recompile pc=0x0000000002f37ed8 method=java.util.regex.Matcher.match(II)Z @ 86
Event: 4.882 Thread 0x000000001b252800 Uncommon trap: reason=class_check action=maybe_recompile pc=0x0000000002db0a0c method=java.util.regex.Matcher.match(II)Z @ 86
Event: 5.064 Thread 0x000000001b252800 Uncommon trap: reason=unstable_if action=reinterpret pc=0x0000000002f2901c method=java.io.File.getName()Ljava/lang/String; @ 16
Event: 5.376 Thread 0x000000001b252800 Uncommon trap: reason=unstable_if action=reinterpret pc=0x0000000002f2a530 method=java.util.LinkedHashMap.afterNodeInsertion(Z)V @ 1
Event: 5.378 Thread 0x000000001b252800 Uncommon trap: reason=unstable_if action=reinterpret pc=0x0000000002e6f784 method=java.util.HashMap.getNode(ILjava/lang/Object;)Ljava/util/HashMap$Node; @ 129
Event: 5.378 Thread 0x000000001b252800 Uncommon trap: reason=bimorphic action=maybe_recompile pc=0x00000000030dab58 method=java.util.HashMap.putVal(ILjava/lang/Object;Ljava/lang/Object;ZZ)Ljava/lang/Object; @ 203
Event: 5.381 Thread 0x000000001b252800 Uncommon trap: reason=unstable_if action=reinterpret pc=0x0000000002e63790 method=java.util.HashMap.getNode(ILjava/lang/Object;)Ljava/util/HashMap$Node; @ 129
Event: 5.381 Thread 0x000000001b252800 Uncommon trap: reason=bimorphic action=maybe_recompile pc=0x00000000030dab58 method=java.util.HashMap.putVal(ILjava/lang/Object;Ljava/lang/Object;ZZ)Ljava/lang/Object; @ 203

Classes redefined (0 events):
No events

Internal exceptions (10 events):
Event: 4.556 Thread 0x000000001b1a1000 Exception <a 'java/lang/NoSuchMethodError': <clinit>> (0x00000000d752b5a0) thrown at [C:\src\AOSP-openjdk-git\hotspot\src\share\vm\prims\jni.cpp, line 1615]
Event: 4.559 Thread 0x000000001b1a1000 Exception <a 'java/lang/NoSuchMethodError': <clinit>> (0x00000000d75418c0) thrown at [C:\src\AOSP-openjdk-git\hotspot\src\share\vm\prims\jni.cpp, line 1615]
Event: 4.574 Thread 0x000000001b1a1000 Exception <a 'java/lang/NoSuchMethodError': <clinit>> (0x00000000d75bb500) thrown at [C:\src\AOSP-openjdk-git\hotspot\src\share\vm\prims\jni.cpp, line 1615]
Event: 4.585 Thread 0x000000001b1a1000 Exception <a 'java/lang/NoSuchMethodError': <clinit>> (0x00000000d75eac30) thrown at [C:\src\AOSP-openjdk-git\hotspot\src\share\vm\prims\jni.cpp, line 1615]
Event: 4.602 Thread 0x000000001b1a1000 Exception <a 'java/lang/NoSuchMethodError': <clinit>> (0x00000000d5599210) thrown at [C:\src\AOSP-openjdk-git\hotspot\src\share\vm\prims\jni.cpp, line 1615]
Event: 4.604 Thread 0x000000001b1a1000 Exception <a 'java/lang/NoSuchMethodError': <clinit>> (0x00000000d55a5688) thrown at [C:\src\AOSP-openjdk-git\hotspot\src\share\vm\prims\jni.cpp, line 1615]
Event: 5.126 Thread 0x000000001b252800 Exception <a 'java/lang/NoSuchMethodError': java.lang.Object.lambda$and$0(Ljava/util/function/Predicate;Ljava/lang/Object;)Z> (0x00000000d5981f28) thrown at [C:\src\AOSP-openjdk-git\hotspot\src\share\vm\interpreter\linkResolver.cpp, line 620]
Event: 5.143 Thread 0x000000001b252800 Exception <a 'java/lang/IncompatibleClassChangeError': Found class java.lang.Object, but interface was expected> (0x00000000d5992220) thrown at [C:\src\AOSP-openjdk-git\hotspot\src\share\vm\interpreter\linkResolver.cpp, line 653]
Event: 5.155 Thread 0x000000001b252800 Exception <a 'java/lang/NoSuchMethodError': java.lang.Object.lambda$or$2(Ljava/util/function/Predicate;Ljava/lang/Object;)Z> (0x00000000d5996d70) thrown at [C:\src\AOSP-openjdk-git\hotspot\src\share\vm\interpreter\linkResolver.cpp, line 620]
Event: 5.433 Thread 0x000000001b252800 Exception <a 'java/lang/NoSuchMethodError': java.lang.Object.lambda$static$0(Lorg/gradle/internal/state/ModelObject;)Ljava/lang/String;> (0x00000000d71330e0) thrown at [C:\src\AOSP-openjdk-git\hotspot\src\share\vm\interpreter\linkResolver.cpp, line 620]

Events (10 events):
Event: 5.458 loading class com/google/common/base/Splitter$SplittingIterator
Event: 5.458 loading class com/google/common/base/Splitter$SplittingIterator done
Event: 5.459 loading class com/google/common/base/AbstractIterator
Event: 5.459 loading class com/google/common/base/AbstractIterator done
Event: 5.459 loading class com/google/common/base/Splitter$1$1
Event: 5.459 loading class com/google/common/base/Splitter$1$1 done
Event: 5.459 loading class com/google/common/base/AbstractIterator$State
Event: 5.459 loading class com/google/common/base/AbstractIterator$State done
Event: 5.460 loading class com/google/common/base/AbstractIterator$1
Event: 5.460 loading class com/google/common/base/AbstractIterator$1 done


Dynamic libraries:
0x00007ff6527f0000 - 0x00007ff652821000 	C:\Program Files\Android\Android Studio\jre\bin\java.exe
0x00007fff4de30000 - 0x00007fff4e026000 	C:\Windows\SYSTEM32\ntdll.dll
0x00007fff4c740000 - 0x00007fff4c7fd000 	C:\Windows\System32\KERNEL32.DLL
0x00007fff4ba10000 - 0x00007fff4bcd9000 	C:\Windows\System32\KERNELBASE.dll
0x00007fff4d330000 - 0x00007fff4d3dc000 	C:\Windows\System32\ADVAPI32.dll
0x00007fff4c3b0000 - 0x00007fff4c44e000 	C:\Windows\System32\msvcrt.dll
0x00007fff4c480000 - 0x00007fff4c51c000 	C:\Windows\System32\sechost.dll
0x00007fff4be90000 - 0x00007fff4bfbb000 	C:\Windows\System32\RPCRT4.dll
0x00007fff4cad0000 - 0x00007fff4cc70000 	C:\Windows\System32\USER32.dll
0x00007fff4b880000 - 0x00007fff4b8a2000 	C:\Windows\System32\win32u.dll
0x00007fff4ca90000 - 0x00007fff4caba000 	C:\Windows\System32\GDI32.dll
0x00007fff4b570000 - 0x00007fff4b67b000 	C:\Windows\System32\gdi32full.dll
0x00007fff4b680000 - 0x00007fff4b71d000 	C:\Windows\System32\msvcp_win.dll
0x00007fff4b8b0000 - 0x00007fff4b9b0000 	C:\Windows\System32\ucrtbase.dll
0x00007fff3b8f0000 - 0x00007fff3bb8b000 	C:\Windows\WinSxS\amd64_microsoft.windows.common-controls_6595b64144ccf1df_6.0.19041.746_none_ca02b4b61b8320a4\COMCTL32.dll
0x00007fff4c450000 - 0x00007fff4c480000 	C:\Windows\System32\IMM32.DLL
0x00000000761b0000 - 0x0000000076282000 	C:\Program Files\Android\Android Studio\jre\jre\bin\msvcr100.dll
0x0000000076370000 - 0x0000000076bbb000 	C:\Program Files\Android\Android Studio\jre\jre\bin\server\jvm.dll
0x00007fff4c3a0000 - 0x00007fff4c3a8000 	C:\Windows\System32\PSAPI.DLL
0x00007fff47530000 - 0x00007fff47539000 	C:\Windows\SYSTEM32\WSOCK32.dll
0x00007fff31530000 - 0x00007fff31557000 	C:\Windows\SYSTEM32\WINMM.dll
0x00007fff4c6d0000 - 0x00007fff4c73b000 	C:\Windows\System32\WS2_32.dll
0x00007fff447e0000 - 0x00007fff447ea000 	C:\Windows\SYSTEM32\VERSION.dll
0x00007fff43760000 - 0x00007fff4376f000 	C:\Program Files\Android\Android Studio\jre\jre\bin\verify.dll
0x00007fff409f0000 - 0x00007fff40a19000 	C:\Program Files\Android\Android Studio\jre\jre\bin\java.dll
0x00007fff409d0000 - 0x00007fff409e6000 	C:\Program Files\Android\Android Studio\jre\jre\bin\zip.dll
0x00007fff4d6a0000 - 0x00007fff4dde2000 	C:\Windows\System32\SHELL32.dll
0x00007fff496c0000 - 0x00007fff49e50000 	C:\Windows\SYSTEM32\windows.storage.dll
0x00007fff4c040000 - 0x00007fff4c396000 	C:\Windows\System32\combase.dll
0x00007fff4afd0000 - 0x00007fff4affc000 	C:\Windows\SYSTEM32\Wldp.dll
0x00007fff4d440000 - 0x00007fff4d4ee000 	C:\Windows\System32\SHCORE.dll
0x00007fff4d3e0000 - 0x00007fff4d435000 	C:\Windows\System32\shlwapi.dll
0x00007fff4b4a0000 - 0x00007fff4b4c6000 	C:\Windows\SYSTEM32\profapi.dll
0x00007fff409b0000 - 0x00007fff409ca000 	C:\Program Files\Android\Android Studio\jre\jre\bin\net.dll
0x00007fff4ace0000 - 0x00007fff4ad4a000 	C:\Windows\system32\mswsock.dll
0x00007fff40990000 - 0x00007fff409a3000 	C:\Program Files\Android\Android Studio\jre\jre\bin\nio.dll
0x00007fff363b0000 - 0x00007fff363d7000 	C:\Users\bruno\.gradle\native\f6784746aeab05261644944871eae4fe03e0ef1612fff0a4a95f87b438bc6780\windows-amd64\native-platform.dll
0x00007fff432f0000 - 0x00007fff432fd000 	C:\Program Files\Android\Android Studio\jre\jre\bin\management.dll
0x00007fff4aec0000 - 0x00007fff4aed8000 	C:\Windows\SYSTEM32\CRYPTSP.dll
0x00007fff4a680000 - 0x00007fff4a6b4000 	C:\Windows\system32\rsaenh.dll
0x00007fff4bce0000 - 0x00007fff4bd07000 	C:\Windows\System32\bcrypt.dll
0x00007fff4b460000 - 0x00007fff4b48e000 	C:\Windows\SYSTEM32\USERENV.dll
0x00007fff4bdc0000 - 0x00007fff4be40000 	C:\Windows\System32\bcryptprimitives.dll
0x00007fff4aeb0000 - 0x00007fff4aebc000 	C:\Windows\SYSTEM32\CRYPTBASE.dll
0x00007fff4a9d0000 - 0x00007fff4aa0b000 	C:\Windows\SYSTEM32\IPHLPAPI.DLL
0x00007fff4cac0000 - 0x00007fff4cac8000 	C:\Windows\System32\NSI.dll
0x00007fff43bf0000 - 0x00007fff43c07000 	C:\Windows\SYSTEM32\dhcpcsvc6.DLL
0x00007fff44620000 - 0x00007fff4463d000 	C:\Windows\SYSTEM32\dhcpcsvc.DLL
0x00007fff4aa10000 - 0x00007fff4aadb000 	C:\Windows\SYSTEM32\DNSAPI.dll
0x00007fff449e0000 - 0x00007fff449eb000 	C:\Windows\SYSTEM32\WINNSI.DLL

VM Arguments:
jvm_args: -Xmx2048m -Dfile.encoding=UTF-8 -Duser.country=US -Duser.language=en -Duser.variant 
java_command: org.gradle.launcher.daemon.bootstrap.GradleDaemon 6.5
java_class_path (initial): C:\Users\bruno\.gradle\wrapper\dists\gradle-6.5-bin\6nifqtx7604sqp1q6g8wikw7p\gradle-6.5\lib\gradle-launcher-6.5.jar
Launcher Type: SUN_STANDARD

Environment Variables:
PATH=C:\Program Files (x86)\Common Files\Oracle\Java\javapath;C:\Windows\system32;C:\Windows;C:\Windows\System32\Wbem;C:\Windows\System32\WindowsPowerShell\v1.0\;C:\Windows\System32\OpenSSH\;C:\Program Files\Microsoft SQL Server\130\Tools\Binn\;C:\Program Files\Microsoft SQL Server\Client SDK\ODBC\170\Tools\Binn\;C:\gradle-6.7-bin\gradle-6.7\bin;C:\Program Files\nodejs\;C:\Program Files\Git\cmd;C:\Program Files\dotnet\;C:\Users\bruno\AppData\Local\Microsoft\WindowsApps;C:\Users\bruno\AppData\Local\Programs\Microsoft VS Code\bin;C:\Users\bruno\AppData\Roaming\npm;C:\Users\bruno\AppData\Local\GitHubDesktop\bin;C:\Program Files\MongoDB\Server\4.4\bin;C:\xampp\php;;C:\Program Files\JetBrains\PyCharm Community Edition 2020.3.2\bin;;C:\Users\bruno\.dotnet\tools
USERNAME=bruno
OS=Windows_NT
PROCESSOR_IDENTIFIER=Intel64 Family 6 Model 78 Stepping 3, GenuineIntel



---------------  S Y S T E M  ---------------

OS: Windows 10.0 , 64 bit Build 19041 (10.0.19041.804)

CPU:total 4 (initial active 4) (2 cores per cpu, 2 threads per core) family 6 model 78 stepping 3, cmov, cx8, fxsr, mmx, sse, sse2, sse3, ssse3, sse4.1, sse4.2, popcnt, avx, avx2, aes, clmul, erms, rtm, 3dnowpref, lzcnt, ht, tsc, tscinvbit, bmi1, bmi2, adx

Memory: 4k page, physical 8265296k(474616k free), swap 22917600k(5556k free)

vm_info: OpenJDK 64-Bit Server VM (25.242-b01) for windows-amd64 JRE (1.8.0_242-release-1644-b01), built by "builder" with MS VC++ 10.0 (VS2010)

time: Mon Feb 15 08:15:24 2021
timezone: E. Africa Standard Time
elapsed time: 5 seconds (0d 0h 0m 5s)

